Using pre-set license
Built from '2020.3/release' branch; Version is '2020.3.7f1 (dd97f2c94397) revision 14522354'; Using compiler version '192528614'; Build Type 'Release'
OS: 'Windows 10 Home; OS build 19042.985; Version 2009; 64bit' Language: 'en' Physical Memory: 130992 MB
BatchMode: 1, IsHumanControllingUs: 0, StartBugReporterOnCrash: 0, Is64bit: 1, IsPro: 0

 COMMAND LINE ARGUMENTS:
C:\Program Files\Unity\Hub\Editor\2020.3.7f1\Editor\Unity.exe
-adb2
-batchMode
-noUpm
-name
AssetImportWorker0
-projectPath
D:/works/TDSW_Examples
-logFile
Logs/AssetImportWorker0.log
-srvPort
57902
Successfully changed project path to: D:/works/TDSW_Examples
D:/works/TDSW_Examples
Using Asset Import Pipeline V2.
Default GameObject BitMask: Defalt already registered

Default GameObject BitMask: Defalt already registered

Default GameObject BitMask: Defalt already registered

Default GameObject BitMask: Defalt already registered

Default GameObject BitMask: Defalt already registered

Default GameObject BitMask: Defalt already registered

Default GameObject BitMask: Defalt already registered

Refreshing native plugins compatible for Editor in 30.08 ms, found 0 plugins.
Preloading 0 native plugins for Editor in 0.00 ms.
Initialize engine version: 2020.3.7f1 (dd97f2c94397)
[Subsystems] Discovering subsystems at path C:/Program Files/Unity/Hub/Editor/2020.3.7f1/Editor/Data/Resources/UnitySubsystems
[Subsystems] Discovering subsystems at path D:/works/TDSW_Examples/Assets
GfxDevice: creating device client; threaded=0
Direct3D:
    Version:  Direct3D 11.0 [level 11.1]
    Renderer: NVIDIA GeForce RTX 2080 Ti (ID=0x1e07)
    Vendor:   
    VRAM:     11049 MB
    Driver:   27.21.14.6611
Initialize mono
Mono path[0] = 'C:/Program Files/Unity/Hub/Editor/2020.3.7f1/Editor/Data/Managed'
Mono path[1] = 'C:/Program Files/Unity/Hub/Editor/2020.3.7f1/Editor/Data/MonoBleedingEdge/lib/mono/unityjit'
Mono config path = 'C:/Program Files/Unity/Hub/Editor/2020.3.7f1/Editor/Data/MonoBleedingEdge/etc'
Using monoOptions --debugger-agent=transport=dt_socket,embedding=1,server=y,suspend=n,address=127.0.0.1:56380
Begin MonoManager ReloadAssembly
Registering precompiled unity dll's ...
Register platform support module: C:/Program Files/Unity/Hub/Editor/2020.3.7f1/Editor/Data/PlaybackEngines/WindowsStandaloneSupport/UnityEditor.WindowsStandalone.Extensions.dll
Registered in 0.001450 seconds.
Native extension for WindowsStandalone target not found
Refreshing native plugins compatible for Editor in 26.04 ms, found 0 plugins.
Preloading 0 native plugins for Editor in 0.00 ms.
Mono: successfully reloaded assembly
- Completed reload, in  0.781 seconds
Platform modules already initialized, skipping
Registering precompiled user dll's ...
Registered in 0.001008 seconds.
Begin MonoManager ReloadAssembly
Native extension for WindowsStandalone target not found
Refreshing native plugins compatible for Editor in 0.51 ms, found 0 plugins.
Preloading 0 native plugins for Editor in 0.00 ms.
Mono: successfully reloaded assembly
- Completed reload, in  0.614 seconds
Platform modules already initialized, skipping
========================================================================
Worker process is ready to serve import requests
Default GameObject BitMask: Defalt already registered

Default GameObject BitMask: Defalt already registered

Default GameObject BitMask: Defalt already registered

Default GameObject BitMask: Defalt already registered

Default GameObject BitMask: Defalt already registered

Default GameObject BitMask: Defalt already registered

Default GameObject BitMask: Defalt already registered

Launched and connected shader compiler UnityShaderCompiler.exe after 0.04 seconds
Refreshing native plugins compatible for Editor in 0.78 ms, found 0 plugins.
Preloading 0 native plugins for Editor in 0.00 ms.
Unloading 1706 Unused Serialized files (Serialized files now loaded: 0)
System memory in use before: 77.0 MB.
System memory in use after: 77.1 MB.

Unloading 49 unused Assets to reduce memory usage. Loaded Objects now: 2121.
Total: 3.699700 ms (FindLiveObjects: 0.177400 ms CreateObjectMapping: 0.063800 ms MarkObjects: 3.406300 ms  DeleteObjects: 0.051500 ms)

========================================================================
Received Import Request.
  path: Assets/Scenes/SampleScene1.unity
  artifactKey: Guid(d150fc77783a9d94da16ec404905cdcc) Importer(815301076,1909f56bfc062723c751e8b465ee728b)
Start importing Assets/Scenes/SampleScene1.unity using Guid(d150fc77783a9d94da16ec404905cdcc) Importer(815301076,1909f56bfc062723c751e8b465ee728b)  -> (artifact id: '3468ab9a7f32dc3a35f26c87dc6fdcfc') in 0.010562 seconds
  Import took 0.012902 seconds .

========================================================================
Received Import Request.
  Time since last request: 0.000127 seconds.
  path: Assets/Scenes
  artifactKey: Guid(d5a54277d3bcdb84eac958bfb467d9f0) Importer(815301076,1909f56bfc062723c751e8b465ee728b)
Start importing Assets/Scenes using Guid(d5a54277d3bcdb84eac958bfb467d9f0) Importer(815301076,1909f56bfc062723c751e8b465ee728b)  -> (artifact id: 'd6d37ce19d3bfaf6a8475c17c124e6ac') in 0.003784 seconds
  Import took 0.005077 seconds .

========================================================================
Received Import Request.
  Time since last request: 5.794165 seconds.
  path: Assets/Scenes/SampleScene3.unity
  artifactKey: Guid(ad382b9b3722f9242865b2efbd0a2ade) Importer(815301076,1909f56bfc062723c751e8b465ee728b)
Start importing Assets/Scenes/SampleScene3.unity using Guid(ad382b9b3722f9242865b2efbd0a2ade) Importer(815301076,1909f56bfc062723c751e8b465ee728b)  -> (artifact id: '8f48cc0c21c2a1bf54fb5947700b68bc') in 0.004751 seconds
  Import took 0.006683 seconds .

========================================================================
Received Import Request.
  Time since last request: 4.836861 seconds.
  path: Assets/Scenes/SampleScene4.unity
  artifactKey: Guid(9fc0d4010bbf28b4594072e72b8655ab) Importer(815301076,1909f56bfc062723c751e8b465ee728b)
Start importing Assets/Scenes/SampleScene4.unity using Guid(9fc0d4010bbf28b4594072e72b8655ab) Importer(815301076,1909f56bfc062723c751e8b465ee728b)  -> (artifact id: '89bba6c92d9d511218342bd0e7db1195') in 0.004647 seconds
  Import took 0.006705 seconds .

========================================================================
Received Import Request.
  Time since last request: 1085.195006 seconds.
  path: Assets/TextAnimationTimeline/scripts/TextAnimationGraphics.cs
  artifactKey: Guid(6f646015ab8d43d2826ee9e779df0b50) Importer(815301076,1909f56bfc062723c751e8b465ee728b)
Start importing Assets/TextAnimationTimeline/scripts/TextAnimationGraphics.cs using Guid(6f646015ab8d43d2826ee9e779df0b50) Importer(815301076,1909f56bfc062723c751e8b465ee728b)  -> (artifact id: 'bee2749c21cc08a0e22df99fc3748330') in 0.017688 seconds
  Import took 0.020379 seconds .

========================================================================
Received Import Request.
  Time since last request: 1.804321 seconds.
  path: Assets/TextAnimationTimeline/scripts/TextAnimationControlMixerBehaviour.cs
  artifactKey: Guid(5785c2ad4177d83469e2c3ebe0d6d12f) Importer(815301076,1909f56bfc062723c751e8b465ee728b)
Start importing Assets/TextAnimationTimeline/scripts/TextAnimationControlMixerBehaviour.cs using Guid(5785c2ad4177d83469e2c3ebe0d6d12f) Importer(815301076,1909f56bfc062723c751e8b465ee728b)  -> (artifact id: '6ef34c540712fa20f8fc4cc26f94f059') in 0.006863 seconds
  Import took 0.009854 seconds .

========================================================================
Received Import Request.
  Time since last request: 0.340371 seconds.
  path: Assets/TextAnimationTimeline/scripts/TextAnimationManager.cs
  artifactKey: Guid(f9181f2c4c7c6554d8d10576906af62d) Importer(815301076,1909f56bfc062723c751e8b465ee728b)
Start importing Assets/TextAnimationTimeline/scripts/TextAnimationManager.cs using Guid(f9181f2c4c7c6554d8d10576906af62d) Importer(815301076,1909f56bfc062723c751e8b465ee728b)  -> (artifact id: '4cff098e1eacae29de79aea22c57044f') in 0.006710 seconds
  Import took 0.009878 seconds .

========================================================================
Received Import Request.
  Time since last request: 0.668311 seconds.
  path: Assets/TextAnimationTimeline/scripts/TextGenerater.cs
  artifactKey: Guid(53c41622f84e6b74e967951e92aa0d26) Importer(815301076,1909f56bfc062723c751e8b465ee728b)
Start importing Assets/TextAnimationTimeline/scripts/TextGenerater.cs using Guid(53c41622f84e6b74e967951e92aa0d26) Importer(815301076,1909f56bfc062723c751e8b465ee728b)  -> (artifact id: 'c97f8c5884eef629366f77c4a7daf884') in 0.006152 seconds
  Import took 0.008728 seconds .

========================================================================
Received Import Request.
  Time since last request: 0.001776 seconds.
  path: Assets/TextAnimationTimeline/scripts/TextGenerater.cs
  artifactKey: Guid(53c41622f84e6b74e967951e92aa0d26) Importer(815301076,1909f56bfc062723c751e8b465ee728b)
Start importing Assets/TextAnimationTimeline/scripts/TextGenerater.cs using Guid(53c41622f84e6b74e967951e92aa0d26) Importer(815301076,1909f56bfc062723c751e8b465ee728b)  -> (artifact id: 'c97f8c5884eef629366f77c4a7daf884') in 0.002273 seconds
  Import took 0.004545 seconds .

========================================================================
Received Import Request.
  Time since last request: 0.247434 seconds.
  path: Assets/TextAnimationTimeline/scripts/TextMeshElement.cs
  artifactKey: Guid(21ef7037a6f048419a5c222c95eb4274) Importer(815301076,1909f56bfc062723c751e8b465ee728b)
Start importing Assets/TextAnimationTimeline/scripts/TextMeshElement.cs using Guid(21ef7037a6f048419a5c222c95eb4274) Importer(815301076,1909f56bfc062723c751e8b465ee728b)  -> (artifact id: '74842eece174e008b2ef409da51c3a0a') in 0.004763 seconds
  Import took 0.007345 seconds .

========================================================================
Received Import Request.
  Time since last request: 0.000655 seconds.
  path: Assets/TextAnimationTimeline/scripts/TextMeshElement.cs
  artifactKey: Guid(21ef7037a6f048419a5c222c95eb4274) Importer(815301076,1909f56bfc062723c751e8b465ee728b)
Start importing Assets/TextAnimationTimeline/scripts/TextMeshElement.cs using Guid(21ef7037a6f048419a5c222c95eb4274) Importer(815301076,1909f56bfc062723c751e8b465ee728b)  -> (artifact id: '74842eece174e008b2ef409da51c3a0a') in 0.001259 seconds
  Import took 0.003081 seconds .

========================================================================
Received Import Request.
  Time since last request: 0.413782 seconds.
  path: Assets/TextAnimationTimeline/scripts/TextSegmentationOptions.cs
  artifactKey: Guid(982698ae4c6c443ba5237162cb28a5f3) Importer(815301076,1909f56bfc062723c751e8b465ee728b)
Start importing Assets/TextAnimationTimeline/scripts/TextSegmentationOptions.cs using Guid(982698ae4c6c443ba5237162cb28a5f3) Importer(815301076,1909f56bfc062723c751e8b465ee728b)  -> (artifact id: '9bd3d4bef098a39c91519d7c57db2e37') in 0.004798 seconds
  Import took 0.007123 seconds .

